<?xml version="1.0" encoding="UTF-8"?>
<testsuite name="com.elena.qa.tests.CardCreationTest" tests="1" skipped="0" failures="0" errors="0" timestamp="2021-08-03T18:43:04" hostname="DESKTOP-S1IE1UQ" time="4.639">
  <properties/>
  <testcase name="testListCreation" classname="com.elena.qa.tests.CardCreationTest" time="4.639"/>
  <system-out><![CDATA[21:42:57 INFO  com.elena.qa.tests.TestBase - start test testListCreation
21:42:57 INFO  c.elena.qa.tests.TestBase$MyListener - Start search element By.xpath: //*[@data-test-id='header-member-menu-button'].
21:42:57 INFO  c.elena.qa.tests.TestBase$MyListener - Element By.xpath: //*[@data-test-id='header-member-menu-button']found.
21:42:57 INFO  c.elena.qa.tests.TestBase$MyListener - Start search element By.xpath: //*[contains(@class, 'boards-page-board-section-header-icon-default-image')]/../../../..//li.
21:43:00 INFO  c.elena.qa.tests.TestBase$MyListener - Element By.xpath: //*[contains(@class, 'boards-page-board-section-header-icon-default-image')]/../../../..//lifound.
21:43:00 INFO  c.elena.qa.tests.TestBase$MyListener - Start search element By.cssSelector: [data-test-id*=header-home].
21:43:00 INFO  c.elena.qa.tests.TestBase$MyListener - Element By.cssSelector: [data-test-id*=header-home]found.
21:43:00 INFO  c.elena.qa.tests.TestBase$MyListener - Start search element By.cssSelector: [data-test-id*=header-home].
21:43:01 INFO  c.elena.qa.tests.TestBase$MyListener - Element By.cssSelector: [data-test-id*=header-home]found.
21:43:04 INFO  c.elena.qa.tests.TestBase$MyListener - Start search element By.xpath: //*[contains(@class, 'boards-page-board-section-header-icon-default-image')]/../../../..//li.
21:43:04 INFO  c.elena.qa.tests.TestBase$MyListener - Element By.xpath: //*[contains(@class, 'boards-page-board-section-header-icon-default-image')]/../../../..//lifound.
21:43:04 INFO  c.elena.qa.tests.TestBase$MyListener - Start search element By.xpath: //*[contains(@class, 'boards-page-board-section-header-icon-default-image')]/../../../..//li.
21:43:04 INFO  c.elena.qa.tests.TestBase$MyListener - Element By.xpath: //*[contains(@class, 'boards-page-board-section-header-icon-default-image')]/../../../..//lifound.
21:43:04 INFO  c.elena.qa.tests.TestBase$MyListener - Start search element By.cssSelector: .js-add-a-card.
21:43:05 INFO  c.elena.qa.tests.TestBase$MyListener - Element By.cssSelector: .js-add-a-cardfound.
21:43:05 INFO  c.elena.qa.tests.TestBase$MyListener - Start search element By.cssSelector: .js-card-title.
21:43:05 INFO  c.elena.qa.tests.TestBase$MyListener - Element By.cssSelector: .js-card-titlefound.
21:43:05 INFO  c.elena.qa.tests.TestBase$MyListener - Start search element By.cssSelector: .js-card-title.
21:43:05 INFO  c.elena.qa.tests.TestBase$MyListener - Element By.cssSelector: .js-card-titlefound.
21:43:05 INFO  c.elena.qa.tests.TestBase$MyListener - Start search element By.cssSelector: .js-card-title.
21:43:06 INFO  c.elena.qa.tests.TestBase$MyListener - Element By.cssSelector: .js-card-titlefound.
21:43:06 INFO  c.elena.qa.tests.TestBase$MyListener - Start search element By.cssSelector: .js-cc-menu.
21:43:06 INFO  c.elena.qa.tests.TestBase$MyListener - Element By.cssSelector: .js-cc-menufound.
21:43:06 INFO  c.elena.qa.tests.TestBase$MyListener - Start search element By.cssSelector: .js-label-selector.
21:43:06 INFO  c.elena.qa.tests.TestBase$MyListener - Element By.cssSelector: .js-label-selectorfound.
21:43:06 INFO  c.elena.qa.tests.TestBase$MyListener - Start search element By.cssSelector: [data-color=yellow].
21:43:06 INFO  c.elena.qa.tests.TestBase$MyListener - Element By.cssSelector: [data-color=yellow]found.
21:43:07 INFO  c.elena.qa.tests.TestBase$MyListener - Start search element By.cssSelector: .confirm.
21:43:07 INFO  c.elena.qa.tests.TestBase$MyListener - Element By.cssSelector: .confirmfound.
21:43:07 INFO  c.elena.qa.tests.TestBase$MyListener - Start search element By.cssSelector: .js-card-title.
21:43:07 INFO  c.elena.qa.tests.TestBase$MyListener - Element By.cssSelector: .js-card-titlefound.
21:43:07 INFO  c.elena.qa.tests.TestBase$MyListener - Start search element By.cssSelector: .js-card-title.
21:43:07 INFO  c.elena.qa.tests.TestBase$MyListener - Element By.cssSelector: .js-card-titlefound.
21:43:07 INFO  c.elena.qa.tests.TestBase$MyListener - Start search element By.cssSelector: .js-card-title.
21:43:07 INFO  c.elena.qa.tests.TestBase$MyListener - Element By.cssSelector: .js-card-titlefound.
21:43:08 INFO  c.elena.qa.tests.TestBase$MyListener - Start search element By.cssSelector: .js-cc-menu.
21:43:08 INFO  c.elena.qa.tests.TestBase$MyListener - Element By.cssSelector: .js-cc-menufound.
21:43:08 INFO  c.elena.qa.tests.TestBase$MyListener - Start search element By.cssSelector: .js-label-selector.
21:43:08 INFO  c.elena.qa.tests.TestBase$MyListener - Element By.cssSelector: .js-label-selectorfound.
21:43:08 INFO  c.elena.qa.tests.TestBase$MyListener - Start search element By.cssSelector: .confirm.
21:43:08 INFO  c.elena.qa.tests.TestBase$MyListener - Element By.cssSelector: .confirmfound.
21:43:09 INFO  com.elena.qa.tests.TestBase - stop test testListCreation
]]></system-out>
  <system-err><![CDATA[]]></system-err>
</testsuite>
