<?xml version="1.0" encoding="UTF-8"?>
<testsuite name="com.elena.qa.tests.BoardDeletionTests" tests="1" skipped="0" failures="0" errors="0" timestamp="2021-08-03T18:43:12" hostname="DESKTOP-S1IE1UQ" time="11.868">
  <properties/>
  <testcase name="testBoardDeletion" classname="com.elena.qa.tests.BoardDeletionTests" time="11.868"/>
  <system-out><![CDATA[21:43:09 INFO  com.elena.qa.tests.TestBase - start test testBoardDeletion
21:43:09 INFO  c.elena.qa.tests.TestBase$MyListener - Start search element By.xpath: //*[@data-test-id='header-member-menu-button'].
21:43:09 INFO  c.elena.qa.tests.TestBase$MyListener - Element By.xpath: //*[@data-test-id='header-member-menu-button']found.
21:43:09 INFO  c.elena.qa.tests.TestBase$MyListener - Start search element By.xpath: //*[contains(@class, 'boards-page-board-section-header-icon-default-image')]/../../../..//li.
21:43:12 INFO  c.elena.qa.tests.TestBase$MyListener - Element By.xpath: //*[contains(@class, 'boards-page-board-section-header-icon-default-image')]/../../../..//lifound.
21:43:12 INFO  c.elena.qa.tests.TestBase$MyListener - Start search element By.cssSelector: [data-test-id*=header-home].
21:43:12 INFO  c.elena.qa.tests.TestBase$MyListener - Element By.cssSelector: [data-test-id*=header-home]found.
21:43:12 INFO  c.elena.qa.tests.TestBase$MyListener - Start search element By.cssSelector: [data-test-id*=header-home].
21:43:12 INFO  c.elena.qa.tests.TestBase$MyListener - Element By.cssSelector: [data-test-id*=header-home]found.
21:43:16 INFO  c.elena.qa.tests.TestBase$MyListener - Start search element By.xpath: //*[contains(@class, 'boards-page-board-section-header-icon-default-image')]/../../../..//li.
21:43:16 INFO  c.elena.qa.tests.TestBase$MyListener - Element By.xpath: //*[contains(@class, 'boards-page-board-section-header-icon-default-image')]/../../../..//lifound.
21:43:16 INFO  c.elena.qa.tests.TestBase$MyListener - Start search element By.xpath: //*[contains(@class, 'boards-page-board-section-header-icon-default-image')]/../../../..//li.
21:43:16 INFO  c.elena.qa.tests.TestBase$MyListener - Element By.xpath: //*[contains(@class, 'boards-page-board-section-header-icon-default-image')]/../../../..//lifound.
21:43:16 INFO  c.elena.qa.tests.TestBase$MyListener - Start search element By.cssSelector: .js-show-sidebar.
21:43:17 INFO  c.elena.qa.tests.TestBase$MyListener - Element By.cssSelector: .js-show-sidebarfound.
21:43:17 INFO  c.elena.qa.tests.TestBase$MyListener - Start search element By.cssSelector: .js-show-sidebar.
21:43:17 INFO  c.elena.qa.tests.TestBase$MyListener - Element By.cssSelector: .js-show-sidebarfound.
21:43:17 INFO  c.elena.qa.tests.TestBase$MyListener - Start search element By.cssSelector: .js-open-more.
21:43:17 INFO  c.elena.qa.tests.TestBase$MyListener - Element By.cssSelector: .js-open-morefound.
21:43:17 INFO  c.elena.qa.tests.TestBase$MyListener - Start search element By.cssSelector: .js-open-more.
21:43:17 INFO  c.elena.qa.tests.TestBase$MyListener - Element By.cssSelector: .js-open-morefound.
21:43:18 INFO  c.elena.qa.tests.TestBase$MyListener - Start search element By.cssSelector: .js-close-board.
21:43:18 INFO  c.elena.qa.tests.TestBase$MyListener - Element By.cssSelector: .js-close-boardfound.
21:43:18 INFO  c.elena.qa.tests.TestBase$MyListener - Start search element By.cssSelector: .js-confirm.
21:43:18 INFO  c.elena.qa.tests.TestBase$MyListener - Element By.cssSelector: .js-confirmfound.
21:43:18 INFO  c.elena.qa.tests.TestBase$MyListener - Start search element By.cssSelector: .js-delete.
21:43:18 INFO  c.elena.qa.tests.TestBase$MyListener - Element By.cssSelector: .js-deletefound.
21:43:18 INFO  c.elena.qa.tests.TestBase$MyListener - Start search element By.cssSelector: .js-confirm.
21:43:18 INFO  c.elena.qa.tests.TestBase$MyListener - Element By.cssSelector: .js-confirmfound.
21:43:19 INFO  c.elena.qa.tests.TestBase$MyListener - Start search element By.cssSelector: [data-test-id*=header-home].
21:43:19 INFO  c.elena.qa.tests.TestBase$MyListener - Element By.cssSelector: [data-test-id*=header-home]found.
21:43:19 INFO  c.elena.qa.tests.TestBase$MyListener - Start search element By.cssSelector: [data-test-id*=header-home].
21:43:19 INFO  c.elena.qa.tests.TestBase$MyListener - Element By.cssSelector: [data-test-id*=header-home]found.
21:43:24 INFO  c.elena.qa.tests.TestBase$MyListener - Start search element By.xpath: //*[contains(@class, 'boards-page-board-section-header-icon-default-image')]/../../../..//li.
21:43:24 INFO  c.elena.qa.tests.TestBase$MyListener - Element By.xpath: //*[contains(@class, 'boards-page-board-section-header-icon-default-image')]/../../../..//lifound.
21:43:24 INFO  com.elena.qa.tests.TestBase - stop test testBoardDeletion
]]></system-out>
  <system-err><![CDATA[]]></system-err>
</testsuite>
