<?xml version="1.0" encoding="UTF-8"?>
<testsuite name="com.elena.qa.tests.UserModificationTests" tests="1" skipped="0" failures="0" errors="0" timestamp="2021-08-13T07:31:14" hostname="DESKTOP-S1IE1UQ" time="11.976">
  <properties/>
  <testcase name="test" classname="com.elena.qa.tests.UserModificationTests" time="11.976"/>
  <system-out><![CDATA[10:31:01 INFO  com.elena.qa.tests.TestBase - start test test with parameters []
10:31:01 INFO  c.elena.qa.tests.TestBase$MyListener - Start search element By.xpath: //*[@data-test-id='header-member-menu-button'].
10:31:04 INFO  c.elena.qa.tests.TestBase$MyListener - Element By.xpath: //*[@data-test-id='header-member-menu-button']found.
10:31:04 INFO  c.elena.qa.tests.TestBase$MyListener - Start search element By.xpath: //a[@href='/login'].
10:31:05 INFO  c.elena.qa.tests.TestBase$MyListener - Element By.xpath: //a[@href='/login']found.
10:31:05 INFO  c.elena.qa.tests.TestBase$MyListener - Start search element By.xpath: //*[@name='user'].
10:31:07 INFO  c.elena.qa.tests.TestBase$MyListener - Element By.xpath: //*[@name='user']found.
10:31:07 INFO  c.elena.qa.tests.TestBase$MyListener - Start search element By.xpath: //*[@name='user'].
10:31:08 INFO  c.elena.qa.tests.TestBase$MyListener - Element By.xpath: //*[@name='user']found.
10:31:08 INFO  c.elena.qa.tests.TestBase$MyListener - Start search element By.xpath: //*[@name='user'].
10:31:08 INFO  c.elena.qa.tests.TestBase$MyListener - Element By.xpath: //*[@name='user']found.
10:31:10 INFO  c.elena.qa.tests.TestBase$MyListener - Start search element By.xpath: //input[@id='login'].
10:31:10 INFO  c.elena.qa.tests.TestBase$MyListener - Element By.xpath: //input[@id='login']found.
10:31:14 INFO  c.elena.qa.tests.TestBase$MyListener - Start search element By.xpath: //*[@name='password'].
10:31:14 INFO  c.elena.qa.tests.TestBase$MyListener - Element By.xpath: //*[@name='password']found.
10:31:14 INFO  c.elena.qa.tests.TestBase$MyListener - Start search element By.xpath: //*[@name='password'].
10:31:14 INFO  c.elena.qa.tests.TestBase$MyListener - Element By.xpath: //*[@name='password']found.
10:31:14 INFO  c.elena.qa.tests.TestBase$MyListener - Start search element By.xpath: //*[@name='password'].
10:31:14 INFO  c.elena.qa.tests.TestBase$MyListener - Element By.xpath: //*[@name='password']found.
10:31:14 INFO  c.elena.qa.tests.TestBase$MyListener - Start search element By.xpath: //button[@id='login-submit'].
10:31:14 INFO  c.elena.qa.tests.TestBase$MyListener - Element By.xpath: //button[@id='login-submit']found.
10:31:26 INFO  com.elena.qa.tests.TestBase - stop test test
]]></system-out>
  <system-err><![CDATA[]]></system-err>
</testsuite>
