<?xml version="1.0" encoding="UTF-8"?>
<testsuite name="com.elena.qa.tests.CardCreationTest" tests="4" skipped="0" failures="0" errors="0" timestamp="2021-08-06T08:38:42" hostname="DESKTOP-S1IE1UQ" time="31.327">
  <properties/>
  <testcase name="testCardCreationDPCSV[0](com.elena.qa.model.Card@646a989c)" classname="com.elena.qa.tests.CardCreationTest" time="4.397"/>
  <testcase name="testCardCreationDPCSV[1](com.elena.qa.model.Card@6de643d3)" classname="com.elena.qa.tests.CardCreationTest" time="2.06"/>
  <testcase name="testCardCreationDPCSV[2](com.elena.qa.model.Card@52e2c2bc)" classname="com.elena.qa.tests.CardCreationTest" time="2.626"/>
  <testcase name="testCardCreationDPCSV[3](com.elena.qa.model.Card@6a45259d)" classname="com.elena.qa.tests.CardCreationTest" time="2.58"/>
  <system-out><![CDATA[11:38:11 INFO  com.elena.qa.tests.TestBase - start test testCardCreationDPCSV with parameters [com.elena.qa.model.Card@646a989c]
11:38:11 INFO  c.elena.qa.tests.TestBase$MyListener - Start search element By.xpath: //*[@data-test-id='header-member-menu-button'].
11:38:14 INFO  c.elena.qa.tests.TestBase$MyListener - Element By.xpath: //*[@data-test-id='header-member-menu-button']found.
11:38:14 INFO  c.elena.qa.tests.TestBase$MyListener - Start search element By.xpath: //a[@href='/login'].
11:38:14 INFO  c.elena.qa.tests.TestBase$MyListener - Element By.xpath: //a[@href='/login']found.
11:38:17 INFO  c.elena.qa.tests.TestBase$MyListener - Start search element By.xpath: //*[@name='user'].
11:38:17 INFO  c.elena.qa.tests.TestBase$MyListener - Element By.xpath: //*[@name='user']found.
11:38:17 INFO  c.elena.qa.tests.TestBase$MyListener - Start search element By.xpath: //*[@name='user'].
11:38:17 INFO  c.elena.qa.tests.TestBase$MyListener - Element By.xpath: //*[@name='user']found.
11:38:17 INFO  c.elena.qa.tests.TestBase$MyListener - Start search element By.xpath: //*[@name='user'].
11:38:17 INFO  c.elena.qa.tests.TestBase$MyListener - Element By.xpath: //*[@name='user']found.
11:38:19 INFO  c.elena.qa.tests.TestBase$MyListener - Start search element By.xpath: //input[@id='login'].
11:38:20 INFO  c.elena.qa.tests.TestBase$MyListener - Element By.xpath: //input[@id='login']found.
11:38:24 INFO  c.elena.qa.tests.TestBase$MyListener - Start search element By.xpath: //*[@name='password'].
11:38:24 INFO  c.elena.qa.tests.TestBase$MyListener - Element By.xpath: //*[@name='password']found.
11:38:24 INFO  c.elena.qa.tests.TestBase$MyListener - Start search element By.xpath: //*[@name='password'].
11:38:24 INFO  c.elena.qa.tests.TestBase$MyListener - Element By.xpath: //*[@name='password']found.
11:38:24 INFO  c.elena.qa.tests.TestBase$MyListener - Start search element By.xpath: //*[@name='password'].
11:38:24 INFO  c.elena.qa.tests.TestBase$MyListener - Element By.xpath: //*[@name='password']found.
11:38:24 INFO  c.elena.qa.tests.TestBase$MyListener - Start search element By.xpath: //button[@id='login-submit'].
11:38:24 INFO  c.elena.qa.tests.TestBase$MyListener - Element By.xpath: //button[@id='login-submit']found.
11:38:25 INFO  c.elena.qa.tests.TestBase$MyListener - Start search element By.xpath: //*[contains(@class, 'boards-page-board-section-header-icon-default-image')]/../../../..//li.
11:38:38 INFO  c.elena.qa.tests.TestBase$MyListener - Element By.xpath: //*[contains(@class, 'boards-page-board-section-header-icon-default-image')]/../../../..//lifound.
11:38:38 INFO  c.elena.qa.tests.TestBase$MyListener - Start search element By.cssSelector: [data-test-id*=header-home].
11:38:38 INFO  c.elena.qa.tests.TestBase$MyListener - Element By.cssSelector: [data-test-id*=header-home]found.
11:38:38 INFO  c.elena.qa.tests.TestBase$MyListener - Start search element By.cssSelector: [data-test-id*=header-home].
11:38:38 INFO  c.elena.qa.tests.TestBase$MyListener - Element By.cssSelector: [data-test-id*=header-home]found.
11:38:42 INFO  c.elena.qa.tests.TestBase$MyListener - Start search element By.xpath: //*[contains(@class, 'boards-page-board-section-header-icon-default-image')]/../../../..//li.
11:38:42 INFO  c.elena.qa.tests.TestBase$MyListener - Element By.xpath: //*[contains(@class, 'boards-page-board-section-header-icon-default-image')]/../../../..//lifound.
11:38:42 INFO  c.elena.qa.tests.TestBase$MyListener - Start search element By.xpath: //*[contains(@class, 'boards-page-board-section-header-icon-default-image')]/../../../..//li.
11:38:42 INFO  c.elena.qa.tests.TestBase$MyListener - Element By.xpath: //*[contains(@class, 'boards-page-board-section-header-icon-default-image')]/../../../..//lifound.
11:38:42 INFO  c.elena.qa.tests.TestBase$MyListener - Start search element By.cssSelector: .list.
11:38:43 INFO  c.elena.qa.tests.TestBase$MyListener - Element By.cssSelector: .listfound.
11:38:43 INFO  c.elena.qa.tests.TestBase$MyListener - Start search element By.cssSelector: .js-add-a-card.
11:38:44 INFO  c.elena.qa.tests.TestBase$MyListener - Element By.cssSelector: .js-add-a-cardfound.
11:38:45 INFO  c.elena.qa.tests.TestBase$MyListener - Start search element By.cssSelector: .js-card-title.
11:38:45 INFO  c.elena.qa.tests.TestBase$MyListener - Element By.cssSelector: .js-card-titlefound.
11:38:45 INFO  c.elena.qa.tests.TestBase$MyListener - Start search element By.cssSelector: .js-card-title.
11:38:45 INFO  c.elena.qa.tests.TestBase$MyListener - Element By.cssSelector: .js-card-titlefound.
11:38:45 INFO  c.elena.qa.tests.TestBase$MyListener - Start search element By.cssSelector: .js-card-title.
11:38:45 INFO  c.elena.qa.tests.TestBase$MyListener - Element By.cssSelector: .js-card-titlefound.
11:38:45 INFO  c.elena.qa.tests.TestBase$MyListener - Start search element By.cssSelector: .js-cc-menu.
11:38:45 INFO  c.elena.qa.tests.TestBase$MyListener - Element By.cssSelector: .js-cc-menufound.
11:38:46 INFO  c.elena.qa.tests.TestBase$MyListener - Start search element By.cssSelector: .js-label-selector.
11:38:46 INFO  c.elena.qa.tests.TestBase$MyListener - Element By.cssSelector: .js-label-selectorfound.
11:38:46 INFO  c.elena.qa.tests.TestBase$MyListener - Start search element By.cssSelector: [data-color=red].
11:38:46 INFO  c.elena.qa.tests.TestBase$MyListener - Element By.cssSelector: [data-color=red]found.
11:38:46 INFO  c.elena.qa.tests.TestBase$MyListener - Start search element By.cssSelector: .confirm.
11:38:46 INFO  c.elena.qa.tests.TestBase$MyListener - Element By.cssSelector: .confirmfound.
11:38:46 INFO  com.elena.qa.tests.TestBase - stop test testCardCreationDPCSV
11:38:46 INFO  com.elena.qa.tests.TestBase - start test testCardCreationDPCSV with parameters [com.elena.qa.model.Card@6de643d3]
11:38:46 INFO  c.elena.qa.tests.TestBase$MyListener - Start search element By.xpath: //*[@data-test-id='header-member-menu-button'].
11:38:46 INFO  c.elena.qa.tests.TestBase$MyListener - Element By.xpath: //*[@data-test-id='header-member-menu-button']found.
11:38:46 INFO  c.elena.qa.tests.TestBase$MyListener - Start search element By.xpath: //*[contains(@class, 'boards-page-board-section-header-icon-default-image')]/../../../..//li.
11:38:49 INFO  c.elena.qa.tests.TestBase$MyListener - Element By.xpath: //*[contains(@class, 'boards-page-board-section-header-icon-default-image')]/../../../..//lifound.
11:38:49 INFO  c.elena.qa.tests.TestBase$MyListener - Start search element By.cssSelector: [data-test-id*=header-home].
11:38:49 INFO  c.elena.qa.tests.TestBase$MyListener - Element By.cssSelector: [data-test-id*=header-home]found.
11:38:49 INFO  c.elena.qa.tests.TestBase$MyListener - Start search element By.cssSelector: [data-test-id*=header-home].
11:38:49 INFO  c.elena.qa.tests.TestBase$MyListener - Element By.cssSelector: [data-test-id*=header-home]found.
11:38:53 INFO  c.elena.qa.tests.TestBase$MyListener - Start search element By.xpath: //*[contains(@class, 'boards-page-board-section-header-icon-default-image')]/../../../..//li.
11:38:53 INFO  c.elena.qa.tests.TestBase$MyListener - Element By.xpath: //*[contains(@class, 'boards-page-board-section-header-icon-default-image')]/../../../..//lifound.
11:38:53 INFO  c.elena.qa.tests.TestBase$MyListener - Start search element By.xpath: //*[contains(@class, 'boards-page-board-section-header-icon-default-image')]/../../../..//li.
11:38:53 INFO  c.elena.qa.tests.TestBase$MyListener - Element By.xpath: //*[contains(@class, 'boards-page-board-section-header-icon-default-image')]/../../../..//lifound.
11:38:53 INFO  c.elena.qa.tests.TestBase$MyListener - Start search element By.cssSelector: .list.
11:38:54 INFO  c.elena.qa.tests.TestBase$MyListener - Element By.cssSelector: .listfound.
11:38:54 INFO  c.elena.qa.tests.TestBase$MyListener - Start search element By.cssSelector: .js-add-a-card.
11:38:54 INFO  c.elena.qa.tests.TestBase$MyListener - Element By.cssSelector: .js-add-a-cardfound.
11:38:54 INFO  c.elena.qa.tests.TestBase$MyListener - Start search element By.cssSelector: .js-card-title.
11:38:54 INFO  c.elena.qa.tests.TestBase$MyListener - Element By.cssSelector: .js-card-titlefound.
11:38:54 INFO  c.elena.qa.tests.TestBase$MyListener - Start search element By.cssSelector: .js-card-title.
11:38:54 INFO  c.elena.qa.tests.TestBase$MyListener - Element By.cssSelector: .js-card-titlefound.
11:38:54 INFO  c.elena.qa.tests.TestBase$MyListener - Start search element By.cssSelector: .js-card-title.
11:38:54 INFO  c.elena.qa.tests.TestBase$MyListener - Element By.cssSelector: .js-card-titlefound.
11:38:54 INFO  c.elena.qa.tests.TestBase$MyListener - Start search element By.cssSelector: .js-cc-menu.
11:38:54 INFO  c.elena.qa.tests.TestBase$MyListener - Element By.cssSelector: .js-cc-menufound.
11:38:54 INFO  c.elena.qa.tests.TestBase$MyListener - Start search element By.cssSelector: .js-label-selector.
11:38:54 INFO  c.elena.qa.tests.TestBase$MyListener - Element By.cssSelector: .js-label-selectorfound.
11:38:55 INFO  c.elena.qa.tests.TestBase$MyListener - Start search element By.cssSelector: [data-color=yellow].
11:38:55 INFO  c.elena.qa.tests.TestBase$MyListener - Element By.cssSelector: [data-color=yellow]found.
11:38:55 INFO  c.elena.qa.tests.TestBase$MyListener - Start search element By.cssSelector: .confirm.
11:38:55 INFO  c.elena.qa.tests.TestBase$MyListener - Element By.cssSelector: .confirmfound.
11:38:55 INFO  com.elena.qa.tests.TestBase - stop test testCardCreationDPCSV
11:38:55 INFO  com.elena.qa.tests.TestBase - start test testCardCreationDPCSV with parameters [com.elena.qa.model.Card@52e2c2bc]
11:38:55 INFO  c.elena.qa.tests.TestBase$MyListener - Start search element By.xpath: //*[@data-test-id='header-member-menu-button'].
11:38:55 INFO  c.elena.qa.tests.TestBase$MyListener - Element By.xpath: //*[@data-test-id='header-member-menu-button']found.
11:38:55 INFO  c.elena.qa.tests.TestBase$MyListener - Start search element By.xpath: //*[contains(@class, 'boards-page-board-section-header-icon-default-image')]/../../../..//li.
11:38:58 INFO  c.elena.qa.tests.TestBase$MyListener - Element By.xpath: //*[contains(@class, 'boards-page-board-section-header-icon-default-image')]/../../../..//lifound.
11:38:58 INFO  c.elena.qa.tests.TestBase$MyListener - Start search element By.cssSelector: [data-test-id*=header-home].
11:38:58 INFO  c.elena.qa.tests.TestBase$MyListener - Element By.cssSelector: [data-test-id*=header-home]found.
11:38:58 INFO  c.elena.qa.tests.TestBase$MyListener - Start search element By.cssSelector: [data-test-id*=header-home].
11:38:58 INFO  c.elena.qa.tests.TestBase$MyListener - Element By.cssSelector: [data-test-id*=header-home]found.
11:39:01 INFO  c.elena.qa.tests.TestBase$MyListener - Start search element By.xpath: //*[contains(@class, 'boards-page-board-section-header-icon-default-image')]/../../../..//li.
11:39:01 INFO  c.elena.qa.tests.TestBase$MyListener - Element By.xpath: //*[contains(@class, 'boards-page-board-section-header-icon-default-image')]/../../../..//lifound.
11:39:01 INFO  c.elena.qa.tests.TestBase$MyListener - Start search element By.xpath: //*[contains(@class, 'boards-page-board-section-header-icon-default-image')]/../../../..//li.
11:39:01 INFO  c.elena.qa.tests.TestBase$MyListener - Element By.xpath: //*[contains(@class, 'boards-page-board-section-header-icon-default-image')]/../../../..//lifound.
11:39:02 INFO  c.elena.qa.tests.TestBase$MyListener - Start search element By.cssSelector: .list.
11:39:02 INFO  c.elena.qa.tests.TestBase$MyListener - Element By.cssSelector: .listfound.
11:39:02 INFO  c.elena.qa.tests.TestBase$MyListener - Start search element By.cssSelector: .js-add-a-card.
11:39:02 INFO  c.elena.qa.tests.TestBase$MyListener - Element By.cssSelector: .js-add-a-cardfound.
11:39:03 INFO  c.elena.qa.tests.TestBase$MyListener - Start search element By.cssSelector: .js-card-title.
11:39:03 INFO  c.elena.qa.tests.TestBase$MyListener - Element By.cssSelector: .js-card-titlefound.
11:39:03 INFO  c.elena.qa.tests.TestBase$MyListener - Start search element By.cssSelector: .js-card-title.
11:39:03 INFO  c.elena.qa.tests.TestBase$MyListener - Element By.cssSelector: .js-card-titlefound.
11:39:03 INFO  c.elena.qa.tests.TestBase$MyListener - Start search element By.cssSelector: .js-card-title.
11:39:03 INFO  c.elena.qa.tests.TestBase$MyListener - Element By.cssSelector: .js-card-titlefound.
11:39:03 INFO  c.elena.qa.tests.TestBase$MyListener - Start search element By.cssSelector: .js-cc-menu.
11:39:03 INFO  c.elena.qa.tests.TestBase$MyListener - Element By.cssSelector: .js-cc-menufound.
11:39:03 INFO  c.elena.qa.tests.TestBase$MyListener - Start search element By.cssSelector: .js-label-selector.
11:39:03 INFO  c.elena.qa.tests.TestBase$MyListener - Element By.cssSelector: .js-label-selectorfound.
11:39:04 INFO  c.elena.qa.tests.TestBase$MyListener - Start search element By.cssSelector: [data-color=blue].
11:39:04 INFO  c.elena.qa.tests.TestBase$MyListener - Element By.cssSelector: [data-color=blue]found.
11:39:04 INFO  c.elena.qa.tests.TestBase$MyListener - Start search element By.cssSelector: .confirm.
11:39:04 INFO  c.elena.qa.tests.TestBase$MyListener - Element By.cssSelector: .confirmfound.
11:39:04 INFO  com.elena.qa.tests.TestBase - stop test testCardCreationDPCSV
11:39:04 INFO  com.elena.qa.tests.TestBase - start test testCardCreationDPCSV with parameters [com.elena.qa.model.Card@6a45259d]
11:39:04 INFO  c.elena.qa.tests.TestBase$MyListener - Start search element By.xpath: //*[@data-test-id='header-member-menu-button'].
11:39:04 INFO  c.elena.qa.tests.TestBase$MyListener - Element By.xpath: //*[@data-test-id='header-member-menu-button']found.
11:39:04 INFO  c.elena.qa.tests.TestBase$MyListener - Start search element By.xpath: //*[contains(@class, 'boards-page-board-section-header-icon-default-image')]/../../../..//li.
11:39:07 INFO  c.elena.qa.tests.TestBase$MyListener - Element By.xpath: //*[contains(@class, 'boards-page-board-section-header-icon-default-image')]/../../../..//lifound.
11:39:07 INFO  c.elena.qa.tests.TestBase$MyListener - Start search element By.cssSelector: [data-test-id*=header-home].
11:39:07 INFO  c.elena.qa.tests.TestBase$MyListener - Element By.cssSelector: [data-test-id*=header-home]found.
11:39:07 INFO  c.elena.qa.tests.TestBase$MyListener - Start search element By.cssSelector: [data-test-id*=header-home].
11:39:07 INFO  c.elena.qa.tests.TestBase$MyListener - Element By.cssSelector: [data-test-id*=header-home]found.
11:39:10 INFO  c.elena.qa.tests.TestBase$MyListener - Start search element By.xpath: //*[contains(@class, 'boards-page-board-section-header-icon-default-image')]/../../../..//li.
11:39:11 INFO  c.elena.qa.tests.TestBase$MyListener - Element By.xpath: //*[contains(@class, 'boards-page-board-section-header-icon-default-image')]/../../../..//lifound.
11:39:11 INFO  c.elena.qa.tests.TestBase$MyListener - Start search element By.xpath: //*[contains(@class, 'boards-page-board-section-header-icon-default-image')]/../../../..//li.
11:39:11 INFO  c.elena.qa.tests.TestBase$MyListener - Element By.xpath: //*[contains(@class, 'boards-page-board-section-header-icon-default-image')]/../../../..//lifound.
11:39:11 INFO  c.elena.qa.tests.TestBase$MyListener - Start search element By.cssSelector: .list.
11:39:11 INFO  c.elena.qa.tests.TestBase$MyListener - Element By.cssSelector: .listfound.
11:39:11 INFO  c.elena.qa.tests.TestBase$MyListener - Start search element By.cssSelector: .js-add-a-card.
11:39:11 INFO  c.elena.qa.tests.TestBase$MyListener - Element By.cssSelector: .js-add-a-cardfound.
11:39:12 INFO  c.elena.qa.tests.TestBase$MyListener - Start search element By.cssSelector: .js-card-title.
11:39:12 INFO  c.elena.qa.tests.TestBase$MyListener - Element By.cssSelector: .js-card-titlefound.
11:39:12 INFO  c.elena.qa.tests.TestBase$MyListener - Start search element By.cssSelector: .js-card-title.
11:39:12 INFO  c.elena.qa.tests.TestBase$MyListener - Element By.cssSelector: .js-card-titlefound.
11:39:12 INFO  c.elena.qa.tests.TestBase$MyListener - Start search element By.cssSelector: .js-card-title.
11:39:12 INFO  c.elena.qa.tests.TestBase$MyListener - Element By.cssSelector: .js-card-titlefound.
11:39:12 INFO  c.elena.qa.tests.TestBase$MyListener - Start search element By.cssSelector: .js-cc-menu.
11:39:12 INFO  c.elena.qa.tests.TestBase$MyListener - Element By.cssSelector: .js-cc-menufound.
11:39:12 INFO  c.elena.qa.tests.TestBase$MyListener - Start search element By.cssSelector: .js-label-selector.
11:39:12 INFO  c.elena.qa.tests.TestBase$MyListener - Element By.cssSelector: .js-label-selectorfound.
11:39:12 INFO  c.elena.qa.tests.TestBase$MyListener - Start search element By.cssSelector: [data-color=green].
11:39:13 INFO  c.elena.qa.tests.TestBase$MyListener - Element By.cssSelector: [data-color=green]found.
11:39:13 INFO  c.elena.qa.tests.TestBase$MyListener - Start search element By.cssSelector: .confirm.
11:39:13 INFO  c.elena.qa.tests.TestBase$MyListener - Element By.cssSelector: .confirmfound.
11:39:13 INFO  com.elena.qa.tests.TestBase - stop test testCardCreationDPCSV
]]></system-out>
  <system-err><![CDATA[]]></system-err>
</testsuite>
