<?xml version="1.0" encoding="UTF-8"?>
<testsuite name="com.elena.qa.tests.UserModificationTests" tests="1" skipped="0" failures="0" errors="0" timestamp="2021-08-10T19:13:59" hostname="DESKTOP-S1IE1UQ" time="28.936">
  <properties/>
  <testcase name="testChangeUserAvatar" classname="com.elena.qa.tests.UserModificationTests" time="28.936"/>
  <system-out><![CDATA[22:13:43 INFO  com.elena.qa.tests.TestBase - start test testChangeUserAvatar with parameters []
22:13:43 INFO  c.elena.qa.tests.TestBase$MyListener - Start search element By.xpath: //*[@data-test-id='header-member-menu-button'].
22:13:46 INFO  c.elena.qa.tests.TestBase$MyListener - Element By.xpath: //*[@data-test-id='header-member-menu-button']found.
22:13:46 INFO  c.elena.qa.tests.TestBase$MyListener - Start search element By.xpath: //a[@href='/login'].
22:13:46 INFO  c.elena.qa.tests.TestBase$MyListener - Element By.xpath: //a[@href='/login']found.
22:13:46 INFO  c.elena.qa.tests.TestBase$MyListener - Start search element By.xpath: //*[@name='user'].
22:13:49 INFO  c.elena.qa.tests.TestBase$MyListener - Element By.xpath: //*[@name='user']found.
22:13:49 INFO  c.elena.qa.tests.TestBase$MyListener - Start search element By.xpath: //*[@name='user'].
22:13:49 INFO  c.elena.qa.tests.TestBase$MyListener - Element By.xpath: //*[@name='user']found.
22:13:49 INFO  c.elena.qa.tests.TestBase$MyListener - Start search element By.xpath: //*[@name='user'].
22:13:49 INFO  c.elena.qa.tests.TestBase$MyListener - Element By.xpath: //*[@name='user']found.
22:13:52 INFO  c.elena.qa.tests.TestBase$MyListener - Start search element By.xpath: //input[@id='login'].
22:13:52 INFO  c.elena.qa.tests.TestBase$MyListener - Element By.xpath: //input[@id='login']found.
22:13:58 INFO  c.elena.qa.tests.TestBase$MyListener - Start search element By.xpath: //*[@name='password'].
22:13:58 INFO  c.elena.qa.tests.TestBase$MyListener - Element By.xpath: //*[@name='password']found.
22:13:58 INFO  c.elena.qa.tests.TestBase$MyListener - Start search element By.xpath: //*[@name='password'].
22:13:58 INFO  c.elena.qa.tests.TestBase$MyListener - Element By.xpath: //*[@name='password']found.
22:13:58 INFO  c.elena.qa.tests.TestBase$MyListener - Start search element By.xpath: //*[@name='password'].
22:13:58 INFO  c.elena.qa.tests.TestBase$MyListener - Element By.xpath: //*[@name='password']found.
22:13:58 INFO  c.elena.qa.tests.TestBase$MyListener - Start search element By.xpath: //button[@id='login-submit'].
22:13:58 INFO  c.elena.qa.tests.TestBase$MyListener - Element By.xpath: //button[@id='login-submit']found.
22:13:59 INFO  c.elena.qa.tests.TestBase$MyListener - Start search element By.cssSelector: [data-test-id=header-member-menu-button].
22:14:12 INFO  c.elena.qa.tests.TestBase$MyListener - Element By.cssSelector: [data-test-id=header-member-menu-button]found.
22:14:12 INFO  c.elena.qa.tests.TestBase$MyListener - Start search element By.cssSelector: [data-test-id='header-member-menu-profile'].
22:14:12 INFO  c.elena.qa.tests.TestBase$MyListener - Element By.cssSelector: [data-test-id='header-member-menu-profile']found.
22:14:12 INFO  c.elena.qa.tests.TestBase$MyListener - Start search element By.cssSelector: [href$='manage-profile'].
22:14:13 INFO  c.elena.qa.tests.TestBase$MyListener - Element By.cssSelector: [href$='manage-profile']found.
22:14:21 INFO  c.elena.qa.tests.TestBase$MyListener - Start search element By.cssSelector: [data-test-selector='profile-avatar'].
22:14:21 INFO  c.elena.qa.tests.TestBase$MyListener - Element By.cssSelector: [data-test-selector='profile-avatar']found.
22:14:21 INFO  c.elena.qa.tests.TestBase$MyListener - Start search element By.cssSelector: .css-fbv3aj.
22:14:21 INFO  c.elena.qa.tests.TestBase$MyListener - Element By.cssSelector: .css-fbv3ajfound.
22:14:21 INFO  c.elena.qa.tests.TestBase$MyListener - Start search element By.xpath: //*[@role='menuitem'][1].
22:14:21 INFO  c.elena.qa.tests.TestBase$MyListener - Element By.xpath: //*[@role='menuitem'][1]found.
22:14:21 INFO  c.elena.qa.tests.TestBase$MyListener - Start search element By.cssSelector: [id=image-input].
22:14:22 INFO  c.elena.qa.tests.TestBase$MyListener - Element By.cssSelector: [id=image-input]found.
22:14:22 INFO  c.elena.qa.tests.TestBase$MyListener - Start search element By.xpath: //*[contains(.,'Upload')].
22:14:22 INFO  c.elena.qa.tests.TestBase$MyListener - Element By.xpath: //*[contains(.,'Upload')]found.
22:14:28 INFO  com.elena.qa.tests.TestBase - stop test testChangeUserAvatar
]]></system-out>
  <system-err><![CDATA[]]></system-err>
</testsuite>
