<?xml version="1.0" encoding="UTF-8"?>
<testsuite name="com.elena.qa.tests.LoginTrelloTests" tests="1" skipped="0" failures="0" errors="0" timestamp="2021-08-03T17:36:30" hostname="DESKTOP-S1IE1UQ" time="26.785">
  <properties/>
  <testcase name="loginTest" classname="com.elena.qa.tests.LoginTrelloTests" time="26.785"/>
  <system-out><![CDATA[20:36:27.894 [Test worker] INFO  com.elena.qa.tests.LoginTrelloTests - start test
20:36:30.978 [Test worker] INFO  com.elena.qa.tests.LoginTrelloTests - login test started
20:36:57.761 [Test worker] INFO  com.elena.qa.tests.LoginTrelloTests - login test stopped
20:36:57.766 [Test worker] INFO  com.elena.qa.tests.LoginTrelloTests - stop test
]]></system-out>
  <system-err><![CDATA[]]></system-err>
</testsuite>
