<?xml version="1.0" encoding="UTF-8"?>
<testsuite name="com.elena.qa.tests.BoardDeletionTests" tests="1" skipped="0" failures="0" errors="0" timestamp="2021-08-06T08:08:34" hostname="DESKTOP-S1IE1UQ" time="17.098">
  <properties/>
  <testcase name="testBoardDeletion" classname="com.elena.qa.tests.BoardDeletionTests" time="17.098"/>
  <system-out><![CDATA[11:07:34 INFO  com.elena.qa.tests.TestBase - start test testBoardDeletion with parameters []
11:07:34 INFO  c.elena.qa.tests.TestBase$MyListener - Start search element By.xpath: //*[@data-test-id='header-member-menu-button'].
11:07:37 INFO  c.elena.qa.tests.TestBase$MyListener - Element By.xpath: //*[@data-test-id='header-member-menu-button']found.
11:07:37 INFO  c.elena.qa.tests.TestBase$MyListener - Start search element By.xpath: //a[@href='/login'].
11:07:37 INFO  c.elena.qa.tests.TestBase$MyListener - Element By.xpath: //a[@href='/login']found.
11:07:40 INFO  c.elena.qa.tests.TestBase$MyListener - Start search element By.xpath: //*[@name='user'].
11:07:40 INFO  c.elena.qa.tests.TestBase$MyListener - Element By.xpath: //*[@name='user']found.
11:07:40 INFO  c.elena.qa.tests.TestBase$MyListener - Start search element By.xpath: //*[@name='user'].
11:07:40 INFO  c.elena.qa.tests.TestBase$MyListener - Element By.xpath: //*[@name='user']found.
11:07:41 INFO  c.elena.qa.tests.TestBase$MyListener - Start search element By.xpath: //*[@name='user'].
11:07:41 INFO  c.elena.qa.tests.TestBase$MyListener - Element By.xpath: //*[@name='user']found.
11:07:43 INFO  c.elena.qa.tests.TestBase$MyListener - Start search element By.xpath: //input[@id='login'].
11:07:43 INFO  c.elena.qa.tests.TestBase$MyListener - Element By.xpath: //input[@id='login']found.
11:07:47 INFO  c.elena.qa.tests.TestBase$MyListener - Start search element By.xpath: //*[@name='password'].
11:07:47 INFO  c.elena.qa.tests.TestBase$MyListener - Element By.xpath: //*[@name='password']found.
11:07:47 INFO  c.elena.qa.tests.TestBase$MyListener - Start search element By.xpath: //*[@name='password'].
11:07:47 INFO  c.elena.qa.tests.TestBase$MyListener - Element By.xpath: //*[@name='password']found.
11:07:47 INFO  c.elena.qa.tests.TestBase$MyListener - Start search element By.xpath: //*[@name='password'].
11:07:48 INFO  c.elena.qa.tests.TestBase$MyListener - Element By.xpath: //*[@name='password']found.
11:07:48 INFO  c.elena.qa.tests.TestBase$MyListener - Start search element By.xpath: //button[@id='login-submit'].
11:07:48 INFO  c.elena.qa.tests.TestBase$MyListener - Element By.xpath: //button[@id='login-submit']found.
11:07:48 INFO  c.elena.qa.tests.TestBase$MyListener - Start search element By.xpath: //*[contains(@class, 'boards-page-board-section-header-icon-default-image')]/../../../..//li.
11:08:34 INFO  c.elena.qa.tests.TestBase$MyListener - Element By.xpath: //*[contains(@class, 'boards-page-board-section-header-icon-default-image')]/../../../..//lifound.
11:08:34 INFO  c.elena.qa.tests.TestBase$MyListener - Start search element By.cssSelector: [data-test-id*=header-home].
11:08:34 INFO  c.elena.qa.tests.TestBase$MyListener - Element By.cssSelector: [data-test-id*=header-home]found.
11:08:34 INFO  c.elena.qa.tests.TestBase$MyListener - Start search element By.cssSelector: [data-test-id*=header-home].
11:08:34 INFO  c.elena.qa.tests.TestBase$MyListener - Element By.cssSelector: [data-test-id*=header-home]found.
11:08:38 INFO  c.elena.qa.tests.TestBase$MyListener - Start search element By.xpath: //*[contains(@class, 'boards-page-board-section-header-icon-default-image')]/../../../..//li.
11:08:38 INFO  c.elena.qa.tests.TestBase$MyListener - Element By.xpath: //*[contains(@class, 'boards-page-board-section-header-icon-default-image')]/../../../..//lifound.
11:08:38 INFO  c.elena.qa.tests.TestBase$MyListener - Start search element By.xpath: //*[contains(@class, 'boards-page-board-section-header-icon-default-image')]/../../../..//li.
11:08:38 INFO  c.elena.qa.tests.TestBase$MyListener - Element By.xpath: //*[contains(@class, 'boards-page-board-section-header-icon-default-image')]/../../../..//lifound.
11:08:39 INFO  c.elena.qa.tests.TestBase$MyListener - Start search element By.cssSelector: .js-show-sidebar.
11:08:40 INFO  c.elena.qa.tests.TestBase$MyListener - Element By.cssSelector: .js-show-sidebarfound.
11:08:40 INFO  c.elena.qa.tests.TestBase$MyListener - Start search element By.cssSelector: .js-show-sidebar.
11:08:41 INFO  c.elena.qa.tests.TestBase$MyListener - Element By.cssSelector: .js-show-sidebarfound.
11:08:41 INFO  c.elena.qa.tests.TestBase$MyListener - Start search element By.cssSelector: .js-open-more.
11:08:42 INFO  c.elena.qa.tests.TestBase$MyListener - Element By.cssSelector: .js-open-morefound.
11:08:42 INFO  c.elena.qa.tests.TestBase$MyListener - Start search element By.cssSelector: [title='QR Code'].
11:08:45 INFO  c.elena.qa.tests.TestBase$MyListener - Element By.cssSelector: [title='QR Code']found.
11:08:45 INFO  c.elena.qa.tests.TestBase$MyListener - Start search element By.cssSelector: .js-open-more.
11:08:45 INFO  c.elena.qa.tests.TestBase$MyListener - Element By.cssSelector: .js-open-morefound.
11:08:45 INFO  c.elena.qa.tests.TestBase$MyListener - Start search element By.cssSelector: .js-close-board.
11:08:45 INFO  c.elena.qa.tests.TestBase$MyListener - Element By.cssSelector: .js-close-boardfound.
11:08:45 INFO  c.elena.qa.tests.TestBase$MyListener - Start search element By.cssSelector: .js-confirm.
11:08:46 INFO  c.elena.qa.tests.TestBase$MyListener - Element By.cssSelector: .js-confirmfound.
11:08:46 INFO  c.elena.qa.tests.TestBase$MyListener - Start search element By.cssSelector: .js-delete.
11:08:46 INFO  c.elena.qa.tests.TestBase$MyListener - Element By.cssSelector: .js-deletefound.
11:08:46 INFO  c.elena.qa.tests.TestBase$MyListener - Start search element By.cssSelector: .js-confirm.
11:08:47 INFO  c.elena.qa.tests.TestBase$MyListener - Element By.cssSelector: .js-confirmfound.
11:08:47 INFO  c.elena.qa.tests.TestBase$MyListener - Start search element By.cssSelector: [data-test-id*=header-home].
11:08:47 INFO  c.elena.qa.tests.TestBase$MyListener - Element By.cssSelector: [data-test-id*=header-home]found.
11:08:47 INFO  c.elena.qa.tests.TestBase$MyListener - Start search element By.cssSelector: [data-test-id*=header-home].
11:08:47 INFO  c.elena.qa.tests.TestBase$MyListener - Element By.cssSelector: [data-test-id*=header-home]found.
11:08:51 INFO  c.elena.qa.tests.TestBase$MyListener - Start search element By.xpath: //*[contains(@class, 'boards-page-board-section-header-icon-default-image')]/../../../..//li.
11:08:51 INFO  c.elena.qa.tests.TestBase$MyListener - Element By.xpath: //*[contains(@class, 'boards-page-board-section-header-icon-default-image')]/../../../..//lifound.
11:08:51 INFO  com.elena.qa.tests.TestBase - stop test testBoardDeletion
]]></system-out>
  <system-err><![CDATA[]]></system-err>
</testsuite>
